<?xml version="1.0" encoding="UTF-8"?>
<!-- Generated by org.testng.reporters.JUnitReportReporter -->
<testsuite skipped="0" hostname="DESKTOP-2RO3DPN" name="advanced.MultipleWindow" tests="1" failures="0" timestamp="10 Jun 2017 13:10:26 GMT" time="36.881" errors="0">
  <testcase name="testMultipleWindow" time="36.881" classname="advanced.MultipleWindow"/>
</testsuite> <!-- advanced.MultipleWindow -->
