<?xml version="1.0" encoding="UTF-8"?>
<!-- Generated by org.testng.reporters.JUnitReportReporter -->
<testsuite skipped="0" hostname="DESKTOP-2RO3DPN" name="basic.MyIEDriverScript" tests="1" failures="0" timestamp="10 Jun 2017 13:56:04 GMT" time="83.219" errors="0">
  <testcase name="myMethod" time="83.219" classname="basic.MyIEDriverScript"/>
</testsuite> <!-- basic.MyIEDriverScript -->
