<?xml version="1.0" encoding="UTF-8"?>
<!-- Generated by org.testng.reporters.JUnitReportReporter -->
<testsuite hostname="DESKTOP-2RO3DPN" name="Selenium3.Selenium3.FlipkartLogin" tests="1" failures="0" timestamp="14 Sep 2017 14:13:10 GMT" time="13.033" errors="0">
  <testcase name="loginFlipkart" time="13.033" classname="Selenium3.Selenium3.FlipkartLogin"/>
</testsuite> <!-- Selenium3.Selenium3.FlipkartLogin -->
